23-07-11 17:18:54.875 : Model path: trans_over.pdparams
23-07-11 17:18:54.877 : Params number: Tensor(shape=[1], dtype=int64, place=Place(gpu:0), stop_gradient=True,
       [1616852])
23-07-11 17:18:54.877 : model_name:dranet_color, model sigma:50, image sigma:50
23-07-11 17:18:54.877 : testsets\Set20
23-07-11 17:18:56.839 : 1_1.png - PSNR: 28.63 dB; SSIM: 0.5037.
23-07-11 17:18:57.188 : 1_10.png - PSNR: 29.09 dB; SSIM: 0.5643.
23-07-11 17:18:57.534 : 1_11.png - PSNR: 27.71 dB; SSIM: 0.5716.
23-07-11 17:18:57.880 : 1_12.png - PSNR: 28.04 dB; SSIM: 0.4662.
23-07-11 17:18:58.225 : 1_13.png - PSNR: 28.81 dB; SSIM: 0.5610.
23-07-11 17:18:58.568 : 1_14.png - PSNR: 28.37 dB; SSIM: 0.4904.
23-07-11 17:18:58.913 : 1_15.png - PSNR: 28.75 dB; SSIM: 0.5084.
23-07-11 17:18:59.256 : 1_16.png - PSNR: 29.48 dB; SSIM: 0.5471.
23-07-11 17:18:59.602 : 1_17.png - PSNR: 27.87 dB; SSIM: 0.4789.
23-07-11 17:18:59.947 : 1_18.png - PSNR: 28.58 dB; SSIM: 0.5075.
23-07-11 17:19:00.294 : 1_19.png - PSNR: 27.87 dB; SSIM: 0.4842.
23-07-11 17:19:00.639 : 1_2.png - PSNR: 29.64 dB; SSIM: 0.5652.
23-07-11 17:19:00.988 : 1_20.png - PSNR: 28.33 dB; SSIM: 0.5236.
23-07-11 17:19:01.333 : 1_3.png - PSNR: 28.69 dB; SSIM: 0.5377.
23-07-11 17:19:01.680 : 1_4.png - PSNR: 28.43 dB; SSIM: 0.4966.
23-07-11 17:19:02.034 : 1_5.png - PSNR: 28.39 dB; SSIM: 0.4893.
23-07-11 17:19:02.381 : 1_6.png - PSNR: 28.41 dB; SSIM: 0.5153.
23-07-11 17:19:02.728 : 1_7.png - PSNR: 28.60 dB; SSIM: 0.5156.
23-07-11 17:19:03.074 : 1_8.png - PSNR: 28.18 dB; SSIM: 0.4859.
23-07-11 17:19:03.421 : 1_9.png - PSNR: 28.29 dB; SSIM: 0.4797.
23-07-11 17:19:03.423 : Average PSNR/SSIM(RGB) - Set20_dn_dranet_color - PSNR: 28.51 dB; SSIM: 0.5146
23-07-11 17:23:58.418 : Model path: best.pdparams
23-07-11 17:23:58.420 : Params number: Tensor(shape=[1], dtype=int64, place=Place(gpu:0), stop_gradient=True,
       [1616852])
23-07-11 17:23:58.420 : model_name:dranet_color, model sigma:50, image sigma:50
23-07-11 17:23:58.420 : testsets\Set20
23-07-11 17:24:00.140 : 1_1.png - PSNR: 28.63 dB; SSIM: 0.5037.
23-07-11 17:24:00.488 : 1_10.png - PSNR: 29.09 dB; SSIM: 0.5643.
23-07-11 17:24:00.835 : 1_11.png - PSNR: 27.71 dB; SSIM: 0.5716.
23-07-11 17:24:01.177 : 1_12.png - PSNR: 28.04 dB; SSIM: 0.4662.
23-07-11 17:24:01.519 : 1_13.png - PSNR: 28.81 dB; SSIM: 0.5610.
23-07-11 17:24:01.864 : 1_14.png - PSNR: 28.37 dB; SSIM: 0.4904.
23-07-11 17:24:02.207 : 1_15.png - PSNR: 28.75 dB; SSIM: 0.5084.
23-07-11 17:24:02.552 : 1_16.png - PSNR: 29.48 dB; SSIM: 0.5471.
23-07-11 17:24:02.896 : 1_17.png - PSNR: 27.87 dB; SSIM: 0.4789.
23-07-11 17:24:03.241 : 1_18.png - PSNR: 28.58 dB; SSIM: 0.5075.
23-07-11 17:24:03.587 : 1_19.png - PSNR: 27.87 dB; SSIM: 0.4842.
23-07-11 17:24:03.930 : 1_2.png - PSNR: 29.64 dB; SSIM: 0.5652.
23-07-11 17:24:04.272 : 1_20.png - PSNR: 28.33 dB; SSIM: 0.5236.
23-07-11 17:24:04.617 : 1_3.png - PSNR: 28.69 dB; SSIM: 0.5377.
23-07-11 17:24:04.960 : 1_4.png - PSNR: 28.43 dB; SSIM: 0.4966.
23-07-11 17:24:05.303 : 1_5.png - PSNR: 28.39 dB; SSIM: 0.4893.
23-07-11 17:24:05.646 : 1_6.png - PSNR: 28.41 dB; SSIM: 0.5153.
23-07-11 17:24:05.991 : 1_7.png - PSNR: 28.60 dB; SSIM: 0.5156.
23-07-11 17:24:06.335 : 1_8.png - PSNR: 28.18 dB; SSIM: 0.4859.
23-07-11 17:24:06.680 : 1_9.png - PSNR: 28.29 dB; SSIM: 0.4797.
23-07-11 17:24:06.682 : Average PSNR/SSIM(RGB) - Set20_dn_dranet_color - PSNR: 28.51 dB; SSIM: 0.5146
